[2025-01-24T23:13:17.382+0000] {processor.py:186} INFO - Started process (PID=1322) to work on /opt/airflow/dags/ETL_dag.py
[2025-01-24T23:13:17.383+0000] {processor.py:914} INFO - Processing file /opt/airflow/dags/ETL_dag.py for tasks to queue
[2025-01-24T23:13:17.385+0000] {logging_mixin.py:190} INFO - [2025-01-24T23:13:17.384+0000] {dagbag.py:588} INFO - Filling up the DagBag from /opt/airflow/dags/ETL_dag.py
[2025-01-24T23:13:17.411+0000] {logging_mixin.py:190} INFO - [2025-01-24T23:13:17.403+0000] {dagbag.py:387} ERROR - Failed to import: /opt/airflow/dags/ETL_dag.py
Traceback (most recent call last):
  File "/home/airflow/.local/lib/python3.12/site-packages/airflow/models/dagbag.py", line 383, in parse
    loader.exec_module(new_module)
  File "<frozen importlib._bootstrap_external>", line 999, in exec_module
  File "<frozen importlib._bootstrap>", line 488, in _call_with_frames_removed
  File "/opt/airflow/dags/ETL_dag.py", line 9, in <module>
    csv_file = os.path.join(base_path, "vehicle-data.csv")
                            ^^^^^^^^^
NameError: name 'base_path' is not defined
[2025-01-24T23:13:17.416+0000] {processor.py:927} WARNING - No viable dags retrieved from /opt/airflow/dags/ETL_dag.py
[2025-01-24T23:13:17.500+0000] {processor.py:208} INFO - Processing /opt/airflow/dags/ETL_dag.py took 0.122 seconds
[2025-01-24T23:13:47.759+0000] {processor.py:186} INFO - Started process (PID=1386) to work on /opt/airflow/dags/ETL_dag.py
[2025-01-24T23:13:47.761+0000] {processor.py:914} INFO - Processing file /opt/airflow/dags/ETL_dag.py for tasks to queue
[2025-01-24T23:13:47.762+0000] {logging_mixin.py:190} INFO - [2025-01-24T23:13:47.762+0000] {dagbag.py:588} INFO - Filling up the DagBag from /opt/airflow/dags/ETL_dag.py
[2025-01-24T23:13:47.781+0000] {logging_mixin.py:190} INFO - [2025-01-24T23:13:47.779+0000] {dagbag.py:387} ERROR - Failed to import: /opt/airflow/dags/ETL_dag.py
Traceback (most recent call last):
  File "/home/airflow/.local/lib/python3.12/site-packages/airflow/models/dagbag.py", line 383, in parse
    loader.exec_module(new_module)
  File "<frozen importlib._bootstrap_external>", line 999, in exec_module
  File "<frozen importlib._bootstrap>", line 488, in _call_with_frames_removed
  File "/opt/airflow/dags/ETL_dag.py", line 19, in <module>
    os.makedirs(base_path, exist_ok=True)
  File "<frozen os>", line 215, in makedirs
  File "<frozen os>", line 225, in makedirs
PermissionError: [Errno 13] Permission denied: '/usr/local/airflow'
[2025-01-24T23:13:47.781+0000] {processor.py:927} WARNING - No viable dags retrieved from /opt/airflow/dags/ETL_dag.py
[2025-01-24T23:13:47.799+0000] {processor.py:208} INFO - Processing /opt/airflow/dags/ETL_dag.py took 0.048 seconds
[2025-01-24T23:19:22.320+0000] {processor.py:186} INFO - Started process (PID=54) to work on /opt/airflow/dags/ETL_dag.py
[2025-01-24T23:19:22.321+0000] {processor.py:914} INFO - Processing file /opt/airflow/dags/ETL_dag.py for tasks to queue
[2025-01-24T23:19:22.324+0000] {logging_mixin.py:190} INFO - [2025-01-24T23:19:22.324+0000] {dagbag.py:588} INFO - Filling up the DagBag from /opt/airflow/dags/ETL_dag.py
[2025-01-24T23:19:22.341+0000] {logging_mixin.py:190} INFO - [2025-01-24T23:19:22.335+0000] {dagbag.py:387} ERROR - Failed to import: /opt/airflow/dags/ETL_dag.py
Traceback (most recent call last):
  File "/home/airflow/.local/lib/python3.12/site-packages/airflow/models/dagbag.py", line 383, in parse
    loader.exec_module(new_module)
  File "<frozen importlib._bootstrap_external>", line 999, in exec_module
  File "<frozen importlib._bootstrap>", line 488, in _call_with_frames_removed
  File "/opt/airflow/dags/ETL_dag.py", line 19, in <module>
    os.makedirs(base_path, exist_ok=True)
  File "<frozen os>", line 215, in makedirs
  File "<frozen os>", line 225, in makedirs
PermissionError: [Errno 13] Permission denied: '/usr/local/airflow'
[2025-01-24T23:19:22.344+0000] {processor.py:927} WARNING - No viable dags retrieved from /opt/airflow/dags/ETL_dag.py
[2025-01-24T23:19:22.388+0000] {processor.py:208} INFO - Processing /opt/airflow/dags/ETL_dag.py took 0.078 seconds
[2025-01-24T23:19:52.475+0000] {processor.py:186} INFO - Started process (PID=118) to work on /opt/airflow/dags/ETL_dag.py
[2025-01-24T23:19:52.476+0000] {processor.py:914} INFO - Processing file /opt/airflow/dags/ETL_dag.py for tasks to queue
[2025-01-24T23:19:52.479+0000] {logging_mixin.py:190} INFO - [2025-01-24T23:19:52.478+0000] {dagbag.py:588} INFO - Filling up the DagBag from /opt/airflow/dags/ETL_dag.py
[2025-01-24T23:19:52.484+0000] {logging_mixin.py:190} INFO - [2025-01-24T23:19:52.482+0000] {dagbag.py:387} ERROR - Failed to import: /opt/airflow/dags/ETL_dag.py
Traceback (most recent call last):
  File "/home/airflow/.local/lib/python3.12/site-packages/airflow/models/dagbag.py", line 383, in parse
    loader.exec_module(new_module)
  File "<frozen importlib._bootstrap_external>", line 999, in exec_module
  File "<frozen importlib._bootstrap>", line 488, in _call_with_frames_removed
  File "/opt/airflow/dags/ETL_dag.py", line 19, in <module>
    os.makedirs(base_path, exist_ok=True)
  File "<frozen os>", line 215, in makedirs
  File "<frozen os>", line 225, in makedirs
PermissionError: [Errno 13] Permission denied: '/usr/local/airflow'
[2025-01-24T23:19:52.485+0000] {processor.py:927} WARNING - No viable dags retrieved from /opt/airflow/dags/ETL_dag.py
[2025-01-24T23:19:52.504+0000] {processor.py:208} INFO - Processing /opt/airflow/dags/ETL_dag.py took 0.035 seconds
[2025-01-24T23:20:23.198+0000] {processor.py:186} INFO - Started process (PID=183) to work on /opt/airflow/dags/ETL_dag.py
[2025-01-24T23:20:23.199+0000] {processor.py:914} INFO - Processing file /opt/airflow/dags/ETL_dag.py for tasks to queue
[2025-01-24T23:20:23.202+0000] {logging_mixin.py:190} INFO - [2025-01-24T23:20:23.201+0000] {dagbag.py:588} INFO - Filling up the DagBag from /opt/airflow/dags/ETL_dag.py
[2025-01-24T23:20:23.215+0000] {logging_mixin.py:190} INFO - [2025-01-24T23:20:23.213+0000] {dagbag.py:387} ERROR - Failed to import: /opt/airflow/dags/ETL_dag.py
Traceback (most recent call last):
  File "/home/airflow/.local/lib/python3.12/site-packages/airflow/models/dagbag.py", line 383, in parse
    loader.exec_module(new_module)
  File "<frozen importlib._bootstrap_external>", line 999, in exec_module
  File "<frozen importlib._bootstrap>", line 488, in _call_with_frames_removed
  File "/opt/airflow/dags/ETL_dag.py", line 19, in <module>
    os.makedirs(base_path, exist_ok=True)
  File "<frozen os>", line 215, in makedirs
  File "<frozen os>", line 225, in makedirs
PermissionError: [Errno 13] Permission denied: '/usr/local/airflow'
[2025-01-24T23:20:23.215+0000] {processor.py:927} WARNING - No viable dags retrieved from /opt/airflow/dags/ETL_dag.py
[2025-01-24T23:20:23.233+0000] {processor.py:208} INFO - Processing /opt/airflow/dags/ETL_dag.py took 0.042 seconds
[2025-01-24T23:20:53.563+0000] {processor.py:186} INFO - Started process (PID=247) to work on /opt/airflow/dags/ETL_dag.py
[2025-01-24T23:20:53.564+0000] {processor.py:914} INFO - Processing file /opt/airflow/dags/ETL_dag.py for tasks to queue
[2025-01-24T23:20:53.571+0000] {logging_mixin.py:190} INFO - [2025-01-24T23:20:53.571+0000] {dagbag.py:588} INFO - Filling up the DagBag from /opt/airflow/dags/ETL_dag.py
[2025-01-24T23:20:53.577+0000] {logging_mixin.py:190} INFO - [2025-01-24T23:20:53.575+0000] {dagbag.py:387} ERROR - Failed to import: /opt/airflow/dags/ETL_dag.py
Traceback (most recent call last):
  File "/home/airflow/.local/lib/python3.12/site-packages/airflow/models/dagbag.py", line 383, in parse
    loader.exec_module(new_module)
  File "<frozen importlib._bootstrap_external>", line 999, in exec_module
  File "<frozen importlib._bootstrap>", line 488, in _call_with_frames_removed
  File "/opt/airflow/dags/ETL_dag.py", line 19, in <module>
    os.makedirs(base_path, exist_ok=True)
  File "<frozen os>", line 215, in makedirs
  File "<frozen os>", line 225, in makedirs
PermissionError: [Errno 13] Permission denied: '/usr/local/airflow'
[2025-01-24T23:20:53.577+0000] {processor.py:927} WARNING - No viable dags retrieved from /opt/airflow/dags/ETL_dag.py
[2025-01-24T23:20:53.606+0000] {processor.py:208} INFO - Processing /opt/airflow/dags/ETL_dag.py took 0.052 seconds
[2025-01-24T23:21:14.509+0000] {processor.py:186} INFO - Started process (PID=311) to work on /opt/airflow/dags/ETL_dag.py
[2025-01-24T23:21:14.511+0000] {processor.py:914} INFO - Processing file /opt/airflow/dags/ETL_dag.py for tasks to queue
[2025-01-24T23:21:14.519+0000] {logging_mixin.py:190} INFO - [2025-01-24T23:21:14.518+0000] {dagbag.py:588} INFO - Filling up the DagBag from /opt/airflow/dags/ETL_dag.py
[2025-01-24T23:21:14.545+0000] {processor.py:925} INFO - DAG(s) 'ETL_toll_data' retrieved from /opt/airflow/dags/ETL_dag.py
[2025-01-24T23:21:14.675+0000] {logging_mixin.py:190} INFO - [2025-01-24T23:21:14.675+0000] {dag.py:3239} INFO - Sync 1 DAGs
[2025-01-24T23:21:14.687+0000] {logging_mixin.py:190} INFO - [2025-01-24T23:21:14.687+0000] {dag.py:4180} INFO - Setting next_dagrun for ETL_toll_data to 2025-01-24 00:00:00+00:00, run_after=2025-01-25 00:00:00+00:00
[2025-01-24T23:21:14.697+0000] {processor.py:208} INFO - Processing /opt/airflow/dags/ETL_dag.py took 0.195 seconds
[2025-01-24T23:22:14.864+0000] {processor.py:186} INFO - Started process (PID=54) to work on /opt/airflow/dags/ETL_dag.py
[2025-01-24T23:22:14.869+0000] {processor.py:914} INFO - Processing file /opt/airflow/dags/ETL_dag.py for tasks to queue
[2025-01-24T23:22:14.874+0000] {logging_mixin.py:190} INFO - [2025-01-24T23:22:14.873+0000] {dagbag.py:588} INFO - Filling up the DagBag from /opt/airflow/dags/ETL_dag.py
[2025-01-24T23:22:14.918+0000] {processor.py:925} INFO - DAG(s) 'ETL_toll_data' retrieved from /opt/airflow/dags/ETL_dag.py
[2025-01-24T23:22:14.970+0000] {logging_mixin.py:190} INFO - [2025-01-24T23:22:14.969+0000] {dag.py:3239} INFO - Sync 1 DAGs
[2025-01-24T23:22:15.013+0000] {logging_mixin.py:190} INFO - [2025-01-24T23:22:15.013+0000] {dag.py:4180} INFO - Setting next_dagrun for ETL_toll_data to 2025-01-24 00:00:00+00:00, run_after=2025-01-25 00:00:00+00:00
[2025-01-24T23:22:15.045+0000] {processor.py:208} INFO - Processing /opt/airflow/dags/ETL_dag.py took 0.192 seconds
[2025-01-24T23:22:45.324+0000] {processor.py:186} INFO - Started process (PID=118) to work on /opt/airflow/dags/ETL_dag.py
[2025-01-24T23:22:45.326+0000] {processor.py:914} INFO - Processing file /opt/airflow/dags/ETL_dag.py for tasks to queue
[2025-01-24T23:22:45.328+0000] {logging_mixin.py:190} INFO - [2025-01-24T23:22:45.328+0000] {dagbag.py:588} INFO - Filling up the DagBag from /opt/airflow/dags/ETL_dag.py
[2025-01-24T23:22:45.348+0000] {processor.py:925} INFO - DAG(s) 'ETL_toll_data' retrieved from /opt/airflow/dags/ETL_dag.py
[2025-01-24T23:22:45.373+0000] {logging_mixin.py:190} INFO - [2025-01-24T23:22:45.373+0000] {dag.py:3239} INFO - Sync 1 DAGs
[2025-01-24T23:22:45.405+0000] {logging_mixin.py:190} INFO - [2025-01-24T23:22:45.404+0000] {dag.py:4180} INFO - Setting next_dagrun for ETL_toll_data to 2025-01-24 00:00:00+00:00, run_after=2025-01-25 00:00:00+00:00
[2025-01-24T23:22:45.420+0000] {processor.py:208} INFO - Processing /opt/airflow/dags/ETL_dag.py took 0.105 seconds
[2025-01-24T23:23:16.023+0000] {processor.py:186} INFO - Started process (PID=182) to work on /opt/airflow/dags/ETL_dag.py
[2025-01-24T23:23:16.025+0000] {processor.py:914} INFO - Processing file /opt/airflow/dags/ETL_dag.py for tasks to queue
[2025-01-24T23:23:16.030+0000] {logging_mixin.py:190} INFO - [2025-01-24T23:23:16.029+0000] {dagbag.py:588} INFO - Filling up the DagBag from /opt/airflow/dags/ETL_dag.py
[2025-01-24T23:23:16.047+0000] {processor.py:925} INFO - DAG(s) 'ETL_toll_data' retrieved from /opt/airflow/dags/ETL_dag.py
[2025-01-24T23:23:16.070+0000] {logging_mixin.py:190} INFO - [2025-01-24T23:23:16.070+0000] {dag.py:3239} INFO - Sync 1 DAGs
[2025-01-24T23:23:16.090+0000] {logging_mixin.py:190} INFO - [2025-01-24T23:23:16.090+0000] {dag.py:4180} INFO - Setting next_dagrun for ETL_toll_data to 2025-01-24 00:00:00+00:00, run_after=2025-01-25 00:00:00+00:00
[2025-01-24T23:23:16.111+0000] {processor.py:208} INFO - Processing /opt/airflow/dags/ETL_dag.py took 0.097 seconds
[2025-01-24T23:23:46.402+0000] {processor.py:186} INFO - Started process (PID=247) to work on /opt/airflow/dags/ETL_dag.py
[2025-01-24T23:23:46.405+0000] {processor.py:914} INFO - Processing file /opt/airflow/dags/ETL_dag.py for tasks to queue
[2025-01-24T23:23:46.409+0000] {logging_mixin.py:190} INFO - [2025-01-24T23:23:46.409+0000] {dagbag.py:588} INFO - Filling up the DagBag from /opt/airflow/dags/ETL_dag.py
[2025-01-24T23:23:46.422+0000] {processor.py:925} INFO - DAG(s) 'ETL_toll_data' retrieved from /opt/airflow/dags/ETL_dag.py
[2025-01-24T23:23:46.442+0000] {logging_mixin.py:190} INFO - [2025-01-24T23:23:46.442+0000] {dag.py:3239} INFO - Sync 1 DAGs
[2025-01-24T23:23:46.467+0000] {logging_mixin.py:190} INFO - [2025-01-24T23:23:46.467+0000] {dag.py:4180} INFO - Setting next_dagrun for ETL_toll_data to 2025-01-24 00:00:00+00:00, run_after=2025-01-25 00:00:00+00:00
[2025-01-24T23:23:46.485+0000] {processor.py:208} INFO - Processing /opt/airflow/dags/ETL_dag.py took 0.091 seconds
[2025-01-24T23:24:16.596+0000] {processor.py:186} INFO - Started process (PID=311) to work on /opt/airflow/dags/ETL_dag.py
[2025-01-24T23:24:16.599+0000] {processor.py:914} INFO - Processing file /opt/airflow/dags/ETL_dag.py for tasks to queue
[2025-01-24T23:24:16.612+0000] {logging_mixin.py:190} INFO - [2025-01-24T23:24:16.611+0000] {dagbag.py:588} INFO - Filling up the DagBag from /opt/airflow/dags/ETL_dag.py
[2025-01-24T23:24:16.625+0000] {processor.py:925} INFO - DAG(s) 'ETL_toll_data' retrieved from /opt/airflow/dags/ETL_dag.py
[2025-01-24T23:24:16.644+0000] {logging_mixin.py:190} INFO - [2025-01-24T23:24:16.644+0000] {dag.py:3239} INFO - Sync 1 DAGs
[2025-01-24T23:24:16.671+0000] {logging_mixin.py:190} INFO - [2025-01-24T23:24:16.670+0000] {dag.py:4180} INFO - Setting next_dagrun for ETL_toll_data to 2025-01-24 00:00:00+00:00, run_after=2025-01-25 00:00:00+00:00
[2025-01-24T23:24:16.682+0000] {processor.py:208} INFO - Processing /opt/airflow/dags/ETL_dag.py took 0.093 seconds
[2025-01-24T23:24:46.820+0000] {processor.py:186} INFO - Started process (PID=375) to work on /opt/airflow/dags/ETL_dag.py
[2025-01-24T23:24:46.821+0000] {processor.py:914} INFO - Processing file /opt/airflow/dags/ETL_dag.py for tasks to queue
[2025-01-24T23:24:46.824+0000] {logging_mixin.py:190} INFO - [2025-01-24T23:24:46.823+0000] {dagbag.py:588} INFO - Filling up the DagBag from /opt/airflow/dags/ETL_dag.py
[2025-01-24T23:24:46.843+0000] {processor.py:925} INFO - DAG(s) 'ETL_toll_data' retrieved from /opt/airflow/dags/ETL_dag.py
[2025-01-24T23:24:46.862+0000] {logging_mixin.py:190} INFO - [2025-01-24T23:24:46.861+0000] {dag.py:3239} INFO - Sync 1 DAGs
[2025-01-24T23:24:46.878+0000] {logging_mixin.py:190} INFO - [2025-01-24T23:24:46.878+0000] {dag.py:4180} INFO - Setting next_dagrun for ETL_toll_data to 2025-01-24 00:00:00+00:00, run_after=2025-01-25 00:00:00+00:00
[2025-01-24T23:24:46.895+0000] {processor.py:208} INFO - Processing /opt/airflow/dags/ETL_dag.py took 0.086 seconds
[2025-01-24T23:25:17.453+0000] {processor.py:186} INFO - Started process (PID=439) to work on /opt/airflow/dags/ETL_dag.py
[2025-01-24T23:25:17.455+0000] {processor.py:914} INFO - Processing file /opt/airflow/dags/ETL_dag.py for tasks to queue
[2025-01-24T23:25:17.458+0000] {logging_mixin.py:190} INFO - [2025-01-24T23:25:17.458+0000] {dagbag.py:588} INFO - Filling up the DagBag from /opt/airflow/dags/ETL_dag.py
[2025-01-24T23:25:17.484+0000] {processor.py:925} INFO - DAG(s) 'ETL_toll_data' retrieved from /opt/airflow/dags/ETL_dag.py
[2025-01-24T23:25:17.512+0000] {logging_mixin.py:190} INFO - [2025-01-24T23:25:17.512+0000] {dag.py:3239} INFO - Sync 1 DAGs
[2025-01-24T23:25:17.545+0000] {logging_mixin.py:190} INFO - [2025-01-24T23:25:17.545+0000] {dag.py:4180} INFO - Setting next_dagrun for ETL_toll_data to 2025-01-24 00:00:00+00:00, run_after=2025-01-25 00:00:00+00:00
[2025-01-24T23:25:17.562+0000] {processor.py:208} INFO - Processing /opt/airflow/dags/ETL_dag.py took 0.115 seconds
[2025-01-24T23:25:47.606+0000] {processor.py:186} INFO - Started process (PID=503) to work on /opt/airflow/dags/ETL_dag.py
[2025-01-24T23:25:47.609+0000] {processor.py:914} INFO - Processing file /opt/airflow/dags/ETL_dag.py for tasks to queue
[2025-01-24T23:25:47.611+0000] {logging_mixin.py:190} INFO - [2025-01-24T23:25:47.610+0000] {dagbag.py:588} INFO - Filling up the DagBag from /opt/airflow/dags/ETL_dag.py
[2025-01-24T23:25:47.622+0000] {processor.py:925} INFO - DAG(s) 'ETL_toll_data' retrieved from /opt/airflow/dags/ETL_dag.py
[2025-01-24T23:25:47.638+0000] {logging_mixin.py:190} INFO - [2025-01-24T23:25:47.637+0000] {dag.py:3239} INFO - Sync 1 DAGs
[2025-01-24T23:25:47.652+0000] {logging_mixin.py:190} INFO - [2025-01-24T23:25:47.652+0000] {dag.py:4180} INFO - Setting next_dagrun for ETL_toll_data to 2025-01-24 00:00:00+00:00, run_after=2025-01-25 00:00:00+00:00
[2025-01-24T23:25:47.666+0000] {processor.py:208} INFO - Processing /opt/airflow/dags/ETL_dag.py took 0.065 seconds
[2025-01-24T23:26:18.066+0000] {processor.py:186} INFO - Started process (PID=567) to work on /opt/airflow/dags/ETL_dag.py
[2025-01-24T23:26:18.071+0000] {processor.py:914} INFO - Processing file /opt/airflow/dags/ETL_dag.py for tasks to queue
[2025-01-24T23:26:18.075+0000] {logging_mixin.py:190} INFO - [2025-01-24T23:26:18.074+0000] {dagbag.py:588} INFO - Filling up the DagBag from /opt/airflow/dags/ETL_dag.py
[2025-01-24T23:26:18.094+0000] {processor.py:925} INFO - DAG(s) 'ETL_toll_data' retrieved from /opt/airflow/dags/ETL_dag.py
[2025-01-24T23:26:18.120+0000] {logging_mixin.py:190} INFO - [2025-01-24T23:26:18.119+0000] {dag.py:3239} INFO - Sync 1 DAGs
[2025-01-24T23:26:18.137+0000] {logging_mixin.py:190} INFO - [2025-01-24T23:26:18.137+0000] {dag.py:4180} INFO - Setting next_dagrun for ETL_toll_data to 2025-01-24 00:00:00+00:00, run_after=2025-01-25 00:00:00+00:00
[2025-01-24T23:26:18.151+0000] {processor.py:208} INFO - Processing /opt/airflow/dags/ETL_dag.py took 0.092 seconds
[2025-01-24T23:26:48.504+0000] {processor.py:186} INFO - Started process (PID=631) to work on /opt/airflow/dags/ETL_dag.py
[2025-01-24T23:26:48.506+0000] {processor.py:914} INFO - Processing file /opt/airflow/dags/ETL_dag.py for tasks to queue
[2025-01-24T23:26:48.513+0000] {logging_mixin.py:190} INFO - [2025-01-24T23:26:48.513+0000] {dagbag.py:588} INFO - Filling up the DagBag from /opt/airflow/dags/ETL_dag.py
[2025-01-24T23:26:48.530+0000] {processor.py:925} INFO - DAG(s) 'ETL_toll_data' retrieved from /opt/airflow/dags/ETL_dag.py
[2025-01-24T23:26:48.550+0000] {logging_mixin.py:190} INFO - [2025-01-24T23:26:48.550+0000] {dag.py:3239} INFO - Sync 1 DAGs
[2025-01-24T23:26:48.570+0000] {logging_mixin.py:190} INFO - [2025-01-24T23:26:48.569+0000] {dag.py:4180} INFO - Setting next_dagrun for ETL_toll_data to 2025-01-24 00:00:00+00:00, run_after=2025-01-25 00:00:00+00:00
[2025-01-24T23:26:48.585+0000] {processor.py:208} INFO - Processing /opt/airflow/dags/ETL_dag.py took 0.092 seconds
[2025-01-24T23:27:19.015+0000] {processor.py:186} INFO - Started process (PID=695) to work on /opt/airflow/dags/ETL_dag.py
[2025-01-24T23:27:19.017+0000] {processor.py:914} INFO - Processing file /opt/airflow/dags/ETL_dag.py for tasks to queue
[2025-01-24T23:27:19.023+0000] {logging_mixin.py:190} INFO - [2025-01-24T23:27:19.023+0000] {dagbag.py:588} INFO - Filling up the DagBag from /opt/airflow/dags/ETL_dag.py
[2025-01-24T23:27:19.041+0000] {processor.py:925} INFO - DAG(s) 'ETL_toll_data' retrieved from /opt/airflow/dags/ETL_dag.py
[2025-01-24T23:27:19.068+0000] {logging_mixin.py:190} INFO - [2025-01-24T23:27:19.068+0000] {dag.py:3239} INFO - Sync 1 DAGs
[2025-01-24T23:27:19.099+0000] {logging_mixin.py:190} INFO - [2025-01-24T23:27:19.099+0000] {dag.py:4180} INFO - Setting next_dagrun for ETL_toll_data to 2025-01-24 00:00:00+00:00, run_after=2025-01-25 00:00:00+00:00
[2025-01-24T23:27:19.118+0000] {processor.py:208} INFO - Processing /opt/airflow/dags/ETL_dag.py took 0.115 seconds
[2025-01-24T23:27:49.224+0000] {processor.py:186} INFO - Started process (PID=759) to work on /opt/airflow/dags/ETL_dag.py
[2025-01-24T23:27:49.227+0000] {processor.py:914} INFO - Processing file /opt/airflow/dags/ETL_dag.py for tasks to queue
[2025-01-24T23:27:49.235+0000] {logging_mixin.py:190} INFO - [2025-01-24T23:27:49.235+0000] {dagbag.py:588} INFO - Filling up the DagBag from /opt/airflow/dags/ETL_dag.py
[2025-01-24T23:27:49.250+0000] {processor.py:925} INFO - DAG(s) 'ETL_toll_data' retrieved from /opt/airflow/dags/ETL_dag.py
[2025-01-24T23:27:49.268+0000] {logging_mixin.py:190} INFO - [2025-01-24T23:27:49.268+0000] {dag.py:3239} INFO - Sync 1 DAGs
[2025-01-24T23:27:49.288+0000] {logging_mixin.py:190} INFO - [2025-01-24T23:27:49.287+0000] {dag.py:4180} INFO - Setting next_dagrun for ETL_toll_data to 2025-01-24 00:00:00+00:00, run_after=2025-01-25 00:00:00+00:00
[2025-01-24T23:27:49.300+0000] {processor.py:208} INFO - Processing /opt/airflow/dags/ETL_dag.py took 0.084 seconds
[2025-01-24T23:28:19.589+0000] {processor.py:186} INFO - Started process (PID=823) to work on /opt/airflow/dags/ETL_dag.py
[2025-01-24T23:28:19.591+0000] {processor.py:914} INFO - Processing file /opt/airflow/dags/ETL_dag.py for tasks to queue
[2025-01-24T23:28:19.594+0000] {logging_mixin.py:190} INFO - [2025-01-24T23:28:19.594+0000] {dagbag.py:588} INFO - Filling up the DagBag from /opt/airflow/dags/ETL_dag.py
[2025-01-24T23:28:19.612+0000] {processor.py:925} INFO - DAG(s) 'ETL_toll_data' retrieved from /opt/airflow/dags/ETL_dag.py
[2025-01-24T23:28:19.641+0000] {logging_mixin.py:190} INFO - [2025-01-24T23:28:19.641+0000] {dag.py:3239} INFO - Sync 1 DAGs
[2025-01-24T23:28:19.662+0000] {logging_mixin.py:190} INFO - [2025-01-24T23:28:19.662+0000] {dag.py:4180} INFO - Setting next_dagrun for ETL_toll_data to 2025-01-24 00:00:00+00:00, run_after=2025-01-25 00:00:00+00:00
[2025-01-24T23:28:19.692+0000] {processor.py:208} INFO - Processing /opt/airflow/dags/ETL_dag.py took 0.114 seconds
[2025-01-24T23:28:49.827+0000] {processor.py:186} INFO - Started process (PID=893) to work on /opt/airflow/dags/ETL_dag.py
[2025-01-24T23:28:49.828+0000] {processor.py:914} INFO - Processing file /opt/airflow/dags/ETL_dag.py for tasks to queue
[2025-01-24T23:28:49.832+0000] {logging_mixin.py:190} INFO - [2025-01-24T23:28:49.832+0000] {dagbag.py:588} INFO - Filling up the DagBag from /opt/airflow/dags/ETL_dag.py
[2025-01-24T23:28:49.846+0000] {processor.py:925} INFO - DAG(s) 'ETL_toll_data' retrieved from /opt/airflow/dags/ETL_dag.py
[2025-01-24T23:28:49.872+0000] {logging_mixin.py:190} INFO - [2025-01-24T23:28:49.872+0000] {dag.py:3239} INFO - Sync 1 DAGs
[2025-01-24T23:28:49.894+0000] {logging_mixin.py:190} INFO - [2025-01-24T23:28:49.894+0000] {dag.py:4180} INFO - Setting next_dagrun for ETL_toll_data to 2025-01-24 00:00:00+00:00, run_after=2025-01-25 00:00:00+00:00
[2025-01-24T23:28:49.907+0000] {processor.py:208} INFO - Processing /opt/airflow/dags/ETL_dag.py took 0.086 seconds
[2025-01-24T23:29:20.247+0000] {processor.py:186} INFO - Started process (PID=957) to work on /opt/airflow/dags/ETL_dag.py
[2025-01-24T23:29:20.250+0000] {processor.py:914} INFO - Processing file /opt/airflow/dags/ETL_dag.py for tasks to queue
[2025-01-24T23:29:20.252+0000] {logging_mixin.py:190} INFO - [2025-01-24T23:29:20.252+0000] {dagbag.py:588} INFO - Filling up the DagBag from /opt/airflow/dags/ETL_dag.py
[2025-01-24T23:29:20.267+0000] {processor.py:925} INFO - DAG(s) 'ETL_toll_data' retrieved from /opt/airflow/dags/ETL_dag.py
[2025-01-24T23:29:20.290+0000] {logging_mixin.py:190} INFO - [2025-01-24T23:29:20.290+0000] {dag.py:3239} INFO - Sync 1 DAGs
[2025-01-24T23:29:20.309+0000] {logging_mixin.py:190} INFO - [2025-01-24T23:29:20.309+0000] {dag.py:4180} INFO - Setting next_dagrun for ETL_toll_data to 2025-01-24 00:00:00+00:00, run_after=2025-01-25 00:00:00+00:00
[2025-01-24T23:29:20.335+0000] {processor.py:208} INFO - Processing /opt/airflow/dags/ETL_dag.py took 0.101 seconds
[2025-01-24T23:29:50.514+0000] {processor.py:186} INFO - Started process (PID=1021) to work on /opt/airflow/dags/ETL_dag.py
[2025-01-24T23:29:50.516+0000] {processor.py:914} INFO - Processing file /opt/airflow/dags/ETL_dag.py for tasks to queue
[2025-01-24T23:29:50.524+0000] {logging_mixin.py:190} INFO - [2025-01-24T23:29:50.524+0000] {dagbag.py:588} INFO - Filling up the DagBag from /opt/airflow/dags/ETL_dag.py
[2025-01-24T23:29:50.534+0000] {processor.py:925} INFO - DAG(s) 'ETL_toll_data' retrieved from /opt/airflow/dags/ETL_dag.py
[2025-01-24T23:29:50.556+0000] {logging_mixin.py:190} INFO - [2025-01-24T23:29:50.556+0000] {dag.py:3239} INFO - Sync 1 DAGs
[2025-01-24T23:29:50.576+0000] {logging_mixin.py:190} INFO - [2025-01-24T23:29:50.576+0000] {dag.py:4180} INFO - Setting next_dagrun for ETL_toll_data to 2025-01-24 00:00:00+00:00, run_after=2025-01-25 00:00:00+00:00
[2025-01-24T23:29:50.589+0000] {processor.py:208} INFO - Processing /opt/airflow/dags/ETL_dag.py took 0.087 seconds
[2025-01-24T23:30:20.766+0000] {processor.py:186} INFO - Started process (PID=1085) to work on /opt/airflow/dags/ETL_dag.py
[2025-01-24T23:30:20.768+0000] {processor.py:914} INFO - Processing file /opt/airflow/dags/ETL_dag.py for tasks to queue
[2025-01-24T23:30:20.771+0000] {logging_mixin.py:190} INFO - [2025-01-24T23:30:20.771+0000] {dagbag.py:588} INFO - Filling up the DagBag from /opt/airflow/dags/ETL_dag.py
[2025-01-24T23:30:20.785+0000] {processor.py:925} INFO - DAG(s) 'ETL_toll_data' retrieved from /opt/airflow/dags/ETL_dag.py
[2025-01-24T23:30:20.799+0000] {logging_mixin.py:190} INFO - [2025-01-24T23:30:20.799+0000] {dag.py:3239} INFO - Sync 1 DAGs
[2025-01-24T23:30:20.816+0000] {logging_mixin.py:190} INFO - [2025-01-24T23:30:20.816+0000] {dag.py:4180} INFO - Setting next_dagrun for ETL_toll_data to 2025-01-24 00:00:00+00:00, run_after=2025-01-25 00:00:00+00:00
[2025-01-24T23:30:20.828+0000] {processor.py:208} INFO - Processing /opt/airflow/dags/ETL_dag.py took 0.071 seconds
[2025-01-24T23:30:51.286+0000] {processor.py:186} INFO - Started process (PID=1149) to work on /opt/airflow/dags/ETL_dag.py
[2025-01-24T23:30:51.287+0000] {processor.py:914} INFO - Processing file /opt/airflow/dags/ETL_dag.py for tasks to queue
[2025-01-24T23:30:51.291+0000] {logging_mixin.py:190} INFO - [2025-01-24T23:30:51.291+0000] {dagbag.py:588} INFO - Filling up the DagBag from /opt/airflow/dags/ETL_dag.py
[2025-01-24T23:30:51.313+0000] {processor.py:925} INFO - DAG(s) 'ETL_toll_data' retrieved from /opt/airflow/dags/ETL_dag.py
[2025-01-24T23:30:51.329+0000] {logging_mixin.py:190} INFO - [2025-01-24T23:30:51.329+0000] {dag.py:3239} INFO - Sync 1 DAGs
[2025-01-24T23:30:51.349+0000] {logging_mixin.py:190} INFO - [2025-01-24T23:30:51.349+0000] {dag.py:4180} INFO - Setting next_dagrun for ETL_toll_data to 2025-01-24 00:00:00+00:00, run_after=2025-01-25 00:00:00+00:00
[2025-01-24T23:30:51.366+0000] {processor.py:208} INFO - Processing /opt/airflow/dags/ETL_dag.py took 0.089 seconds
[2025-01-24T23:31:21.491+0000] {processor.py:186} INFO - Started process (PID=1213) to work on /opt/airflow/dags/ETL_dag.py
[2025-01-24T23:31:21.493+0000] {processor.py:914} INFO - Processing file /opt/airflow/dags/ETL_dag.py for tasks to queue
[2025-01-24T23:31:21.501+0000] {logging_mixin.py:190} INFO - [2025-01-24T23:31:21.501+0000] {dagbag.py:588} INFO - Filling up the DagBag from /opt/airflow/dags/ETL_dag.py
[2025-01-24T23:31:21.512+0000] {processor.py:925} INFO - DAG(s) 'ETL_toll_data' retrieved from /opt/airflow/dags/ETL_dag.py
[2025-01-24T23:31:21.531+0000] {logging_mixin.py:190} INFO - [2025-01-24T23:31:21.531+0000] {dag.py:3239} INFO - Sync 1 DAGs
[2025-01-24T23:31:21.551+0000] {logging_mixin.py:190} INFO - [2025-01-24T23:31:21.551+0000] {dag.py:4180} INFO - Setting next_dagrun for ETL_toll_data to 2025-01-24 00:00:00+00:00, run_after=2025-01-25 00:00:00+00:00
[2025-01-24T23:31:21.564+0000] {processor.py:208} INFO - Processing /opt/airflow/dags/ETL_dag.py took 0.087 seconds
[2025-01-24T23:31:51.994+0000] {processor.py:186} INFO - Started process (PID=1277) to work on /opt/airflow/dags/ETL_dag.py
[2025-01-24T23:31:51.996+0000] {processor.py:914} INFO - Processing file /opt/airflow/dags/ETL_dag.py for tasks to queue
[2025-01-24T23:31:51.998+0000] {logging_mixin.py:190} INFO - [2025-01-24T23:31:51.998+0000] {dagbag.py:588} INFO - Filling up the DagBag from /opt/airflow/dags/ETL_dag.py
[2025-01-24T23:31:52.016+0000] {processor.py:925} INFO - DAG(s) 'ETL_toll_data' retrieved from /opt/airflow/dags/ETL_dag.py
[2025-01-24T23:31:52.038+0000] {logging_mixin.py:190} INFO - [2025-01-24T23:31:52.038+0000] {dag.py:3239} INFO - Sync 1 DAGs
[2025-01-24T23:31:52.056+0000] {logging_mixin.py:190} INFO - [2025-01-24T23:31:52.056+0000] {dag.py:4180} INFO - Setting next_dagrun for ETL_toll_data to 2025-01-24 00:00:00+00:00, run_after=2025-01-25 00:00:00+00:00
[2025-01-24T23:31:52.075+0000] {processor.py:208} INFO - Processing /opt/airflow/dags/ETL_dag.py took 0.087 seconds
[2025-01-24T23:32:23.111+0000] {processor.py:186} INFO - Started process (PID=1341) to work on /opt/airflow/dags/ETL_dag.py
[2025-01-24T23:32:23.112+0000] {processor.py:914} INFO - Processing file /opt/airflow/dags/ETL_dag.py for tasks to queue
[2025-01-24T23:32:23.115+0000] {logging_mixin.py:190} INFO - [2025-01-24T23:32:23.115+0000] {dagbag.py:588} INFO - Filling up the DagBag from /opt/airflow/dags/ETL_dag.py
[2025-01-24T23:32:23.132+0000] {processor.py:925} INFO - DAG(s) 'ETL_toll_data' retrieved from /opt/airflow/dags/ETL_dag.py
[2025-01-24T23:32:23.150+0000] {logging_mixin.py:190} INFO - [2025-01-24T23:32:23.150+0000] {dag.py:3239} INFO - Sync 1 DAGs
[2025-01-24T23:32:23.164+0000] {logging_mixin.py:190} INFO - [2025-01-24T23:32:23.164+0000] {dag.py:4180} INFO - Setting next_dagrun for ETL_toll_data to 2025-01-24 00:00:00+00:00, run_after=2025-01-25 00:00:00+00:00
[2025-01-24T23:32:23.175+0000] {processor.py:208} INFO - Processing /opt/airflow/dags/ETL_dag.py took 0.073 seconds
[2025-01-24T23:32:53.255+0000] {processor.py:186} INFO - Started process (PID=1405) to work on /opt/airflow/dags/ETL_dag.py
[2025-01-24T23:32:53.256+0000] {processor.py:914} INFO - Processing file /opt/airflow/dags/ETL_dag.py for tasks to queue
[2025-01-24T23:32:53.263+0000] {logging_mixin.py:190} INFO - [2025-01-24T23:32:53.261+0000] {dagbag.py:588} INFO - Filling up the DagBag from /opt/airflow/dags/ETL_dag.py
[2025-01-24T23:32:53.288+0000] {processor.py:925} INFO - DAG(s) 'ETL_toll_data' retrieved from /opt/airflow/dags/ETL_dag.py
[2025-01-24T23:32:53.379+0000] {logging_mixin.py:190} INFO - [2025-01-24T23:32:53.378+0000] {dag.py:3239} INFO - Sync 1 DAGs
[2025-01-24T23:32:53.408+0000] {logging_mixin.py:190} INFO - [2025-01-24T23:32:53.408+0000] {dag.py:4180} INFO - Setting next_dagrun for ETL_toll_data to 2025-01-24 00:00:00+00:00, run_after=2025-01-25 00:00:00+00:00
[2025-01-24T23:32:53.428+0000] {processor.py:208} INFO - Processing /opt/airflow/dags/ETL_dag.py took 0.190 seconds
[2025-01-24T23:33:23.868+0000] {processor.py:186} INFO - Started process (PID=1469) to work on /opt/airflow/dags/ETL_dag.py
[2025-01-24T23:33:23.873+0000] {processor.py:914} INFO - Processing file /opt/airflow/dags/ETL_dag.py for tasks to queue
[2025-01-24T23:33:23.876+0000] {logging_mixin.py:190} INFO - [2025-01-24T23:33:23.876+0000] {dagbag.py:588} INFO - Filling up the DagBag from /opt/airflow/dags/ETL_dag.py
[2025-01-24T23:33:23.904+0000] {processor.py:925} INFO - DAG(s) 'ETL_toll_data' retrieved from /opt/airflow/dags/ETL_dag.py
[2025-01-24T23:33:23.943+0000] {logging_mixin.py:190} INFO - [2025-01-24T23:33:23.942+0000] {dag.py:3239} INFO - Sync 1 DAGs
[2025-01-24T23:33:23.961+0000] {logging_mixin.py:190} INFO - [2025-01-24T23:33:23.961+0000] {dag.py:4180} INFO - Setting next_dagrun for ETL_toll_data to 2025-01-24 00:00:00+00:00, run_after=2025-01-25 00:00:00+00:00
[2025-01-24T23:33:23.972+0000] {processor.py:208} INFO - Processing /opt/airflow/dags/ETL_dag.py took 0.122 seconds
[2025-01-24T23:33:54.351+0000] {processor.py:186} INFO - Started process (PID=1533) to work on /opt/airflow/dags/ETL_dag.py
[2025-01-24T23:33:54.355+0000] {processor.py:914} INFO - Processing file /opt/airflow/dags/ETL_dag.py for tasks to queue
[2025-01-24T23:33:54.356+0000] {logging_mixin.py:190} INFO - [2025-01-24T23:33:54.356+0000] {dagbag.py:588} INFO - Filling up the DagBag from /opt/airflow/dags/ETL_dag.py
[2025-01-24T23:33:54.373+0000] {processor.py:925} INFO - DAG(s) 'ETL_toll_data' retrieved from /opt/airflow/dags/ETL_dag.py
[2025-01-24T23:33:54.395+0000] {logging_mixin.py:190} INFO - [2025-01-24T23:33:54.394+0000] {dag.py:3239} INFO - Sync 1 DAGs
[2025-01-24T23:33:54.412+0000] {logging_mixin.py:190} INFO - [2025-01-24T23:33:54.411+0000] {dag.py:4180} INFO - Setting next_dagrun for ETL_toll_data to 2025-01-24 00:00:00+00:00, run_after=2025-01-25 00:00:00+00:00
[2025-01-24T23:33:54.424+0000] {processor.py:208} INFO - Processing /opt/airflow/dags/ETL_dag.py took 0.083 seconds
[2025-01-24T23:34:24.505+0000] {processor.py:186} INFO - Started process (PID=1597) to work on /opt/airflow/dags/ETL_dag.py
[2025-01-24T23:34:24.507+0000] {processor.py:914} INFO - Processing file /opt/airflow/dags/ETL_dag.py for tasks to queue
[2025-01-24T23:34:24.510+0000] {logging_mixin.py:190} INFO - [2025-01-24T23:34:24.510+0000] {dagbag.py:588} INFO - Filling up the DagBag from /opt/airflow/dags/ETL_dag.py
[2025-01-24T23:34:24.524+0000] {processor.py:925} INFO - DAG(s) 'ETL_toll_data' retrieved from /opt/airflow/dags/ETL_dag.py
[2025-01-24T23:34:24.547+0000] {logging_mixin.py:190} INFO - [2025-01-24T23:34:24.547+0000] {dag.py:3239} INFO - Sync 1 DAGs
[2025-01-24T23:34:24.562+0000] {logging_mixin.py:190} INFO - [2025-01-24T23:34:24.562+0000] {dag.py:4180} INFO - Setting next_dagrun for ETL_toll_data to 2025-01-24 00:00:00+00:00, run_after=2025-01-25 00:00:00+00:00
[2025-01-24T23:34:24.574+0000] {processor.py:208} INFO - Processing /opt/airflow/dags/ETL_dag.py took 0.074 seconds
[2025-01-24T23:34:55.532+0000] {processor.py:186} INFO - Started process (PID=1661) to work on /opt/airflow/dags/ETL_dag.py
[2025-01-24T23:34:55.534+0000] {processor.py:914} INFO - Processing file /opt/airflow/dags/ETL_dag.py for tasks to queue
[2025-01-24T23:34:55.536+0000] {logging_mixin.py:190} INFO - [2025-01-24T23:34:55.536+0000] {dagbag.py:588} INFO - Filling up the DagBag from /opt/airflow/dags/ETL_dag.py
[2025-01-24T23:34:55.569+0000] {processor.py:925} INFO - DAG(s) 'ETL_toll_data' retrieved from /opt/airflow/dags/ETL_dag.py
[2025-01-24T23:34:55.601+0000] {logging_mixin.py:190} INFO - [2025-01-24T23:34:55.600+0000] {dag.py:3239} INFO - Sync 1 DAGs
[2025-01-24T23:34:55.628+0000] {logging_mixin.py:190} INFO - [2025-01-24T23:34:55.628+0000] {dag.py:4180} INFO - Setting next_dagrun for ETL_toll_data to 2025-01-24 00:00:00+00:00, run_after=2025-01-25 00:00:00+00:00
[2025-01-24T23:34:55.646+0000] {processor.py:208} INFO - Processing /opt/airflow/dags/ETL_dag.py took 0.118 seconds
[2025-01-24T23:35:25.870+0000] {processor.py:186} INFO - Started process (PID=1725) to work on /opt/airflow/dags/ETL_dag.py
[2025-01-24T23:35:25.873+0000] {processor.py:914} INFO - Processing file /opt/airflow/dags/ETL_dag.py for tasks to queue
[2025-01-24T23:35:25.877+0000] {logging_mixin.py:190} INFO - [2025-01-24T23:35:25.876+0000] {dagbag.py:588} INFO - Filling up the DagBag from /opt/airflow/dags/ETL_dag.py
[2025-01-24T23:35:25.893+0000] {processor.py:925} INFO - DAG(s) 'ETL_toll_data' retrieved from /opt/airflow/dags/ETL_dag.py
[2025-01-24T23:35:25.919+0000] {logging_mixin.py:190} INFO - [2025-01-24T23:35:25.917+0000] {dag.py:3239} INFO - Sync 1 DAGs
[2025-01-24T23:35:25.933+0000] {logging_mixin.py:190} INFO - [2025-01-24T23:35:25.933+0000] {dag.py:4180} INFO - Setting next_dagrun for ETL_toll_data to 2025-01-24 00:00:00+00:00, run_after=2025-01-25 00:00:00+00:00
[2025-01-24T23:35:25.947+0000] {processor.py:208} INFO - Processing /opt/airflow/dags/ETL_dag.py took 0.085 seconds
[2025-01-24T23:35:56.757+0000] {processor.py:186} INFO - Started process (PID=1789) to work on /opt/airflow/dags/ETL_dag.py
[2025-01-24T23:35:56.759+0000] {processor.py:914} INFO - Processing file /opt/airflow/dags/ETL_dag.py for tasks to queue
[2025-01-24T23:35:56.762+0000] {logging_mixin.py:190} INFO - [2025-01-24T23:35:56.762+0000] {dagbag.py:588} INFO - Filling up the DagBag from /opt/airflow/dags/ETL_dag.py
[2025-01-24T23:35:56.779+0000] {processor.py:925} INFO - DAG(s) 'ETL_toll_data' retrieved from /opt/airflow/dags/ETL_dag.py
[2025-01-24T23:35:56.809+0000] {logging_mixin.py:190} INFO - [2025-01-24T23:35:56.809+0000] {dag.py:3239} INFO - Sync 1 DAGs
[2025-01-24T23:35:56.954+0000] {logging_mixin.py:190} INFO - [2025-01-24T23:35:56.954+0000] {dag.py:4180} INFO - Setting next_dagrun for ETL_toll_data to 2025-01-24 00:00:00+00:00, run_after=2025-01-25 00:00:00+00:00
[2025-01-24T23:35:56.983+0000] {processor.py:208} INFO - Processing /opt/airflow/dags/ETL_dag.py took 0.234 seconds
[2025-01-24T23:36:27.646+0000] {processor.py:186} INFO - Started process (PID=1853) to work on /opt/airflow/dags/ETL_dag.py
[2025-01-24T23:36:27.647+0000] {processor.py:914} INFO - Processing file /opt/airflow/dags/ETL_dag.py for tasks to queue
[2025-01-24T23:36:27.650+0000] {logging_mixin.py:190} INFO - [2025-01-24T23:36:27.650+0000] {dagbag.py:588} INFO - Filling up the DagBag from /opt/airflow/dags/ETL_dag.py
[2025-01-24T23:36:27.668+0000] {processor.py:925} INFO - DAG(s) 'ETL_toll_data' retrieved from /opt/airflow/dags/ETL_dag.py
[2025-01-24T23:36:27.732+0000] {logging_mixin.py:190} INFO - [2025-01-24T23:36:27.732+0000] {dag.py:3239} INFO - Sync 1 DAGs
[2025-01-24T23:36:27.759+0000] {logging_mixin.py:190} INFO - [2025-01-24T23:36:27.759+0000] {dag.py:4180} INFO - Setting next_dagrun for ETL_toll_data to 2025-01-24 00:00:00+00:00, run_after=2025-01-25 00:00:00+00:00
[2025-01-24T23:36:27.776+0000] {processor.py:208} INFO - Processing /opt/airflow/dags/ETL_dag.py took 0.138 seconds
