[2025-01-24T23:23:30.549+0000] {local_task_job_runner.py:123} INFO - ::group::Pre task execution logs
[2025-01-24T23:23:30.556+0000] {taskinstance.py:2613} INFO - Dependencies all met for dep_context=non-requeueable deps ti=<TaskInstance: ETL_toll_data.extract_data_from_tsv manual__2025-01-24T23:23:25.465768+00:00 [queued]>
[2025-01-24T23:23:30.559+0000] {taskinstance.py:2613} INFO - Dependencies all met for dep_context=requeueable deps ti=<TaskInstance: ETL_toll_data.extract_data_from_tsv manual__2025-01-24T23:23:25.465768+00:00 [queued]>
[2025-01-24T23:23:30.560+0000] {taskinstance.py:2866} INFO - Starting attempt 1 of 2
[2025-01-24T23:23:30.565+0000] {taskinstance.py:2889} INFO - Executing <Task(BashOperator): extract_data_from_tsv> on 2025-01-24 23:23:25.465768+00:00
[2025-01-24T23:23:30.569+0000] {warnings.py:112} WARNING - /home/***/.local/lib/python3.12/site-packages/***/task/task_runner/standard_task_runner.py:70: DeprecationWarning: This process (pid=87) is multi-threaded, use of fork() may lead to deadlocks in the child.
  pid = os.fork()

[2025-01-24T23:23:30.569+0000] {standard_task_runner.py:72} INFO - Started process 89 to run task
[2025-01-24T23:23:30.570+0000] {standard_task_runner.py:104} INFO - Running: ['***', 'tasks', 'run', 'ETL_toll_data', 'extract_data_from_tsv', 'manual__2025-01-24T23:23:25.465768+00:00', '--job-id', '49', '--raw', '--subdir', 'DAGS_FOLDER/ETL_dag.py', '--cfg-path', '/tmp/tmppn6njuia']
[2025-01-24T23:23:30.571+0000] {standard_task_runner.py:105} INFO - Job 49: Subtask extract_data_from_tsv
[2025-01-24T23:23:30.590+0000] {task_command.py:467} INFO - Running <TaskInstance: ETL_toll_data.extract_data_from_tsv manual__2025-01-24T23:23:25.465768+00:00 [running]> on host c12e720e2d7d
[2025-01-24T23:23:30.618+0000] {taskinstance.py:3132} INFO - Exporting env vars: AIRFLOW_CTX_DAG_OWNER='***' AIRFLOW_CTX_DAG_ID='ETL_toll_data' AIRFLOW_CTX_TASK_ID='extract_data_from_tsv' AIRFLOW_CTX_EXECUTION_DATE='2025-01-24T23:23:25.465768+00:00' AIRFLOW_CTX_TRY_NUMBER='1' AIRFLOW_CTX_DAG_RUN_ID='manual__2025-01-24T23:23:25.465768+00:00'
[2025-01-24T23:23:30.619+0000] {logging_mixin.py:190} INFO - Task instance is in running state
[2025-01-24T23:23:30.619+0000] {logging_mixin.py:190} INFO -  Previous state of the Task instance: queued
[2025-01-24T23:23:30.619+0000] {logging_mixin.py:190} INFO - Current task name:extract_data_from_tsv state:running start_date:2025-01-24 23:23:30.557014+00:00
[2025-01-24T23:23:30.619+0000] {logging_mixin.py:190} INFO - Dag name:ETL_toll_data and current dag run status:running
[2025-01-24T23:23:30.619+0000] {taskinstance.py:731} INFO - ::endgroup::
[2025-01-24T23:23:30.620+0000] {subprocess.py:78} INFO - Tmp dir root location: /tmp
[2025-01-24T23:23:30.620+0000] {subprocess.py:88} INFO - Running command: ['/usr/bin/bash', '-c', "cut -d $'\t' -f 5,6,7 /opt/***/data/tollplaza-data.tsv > /opt/***/data/vehicle-data-extracted-tsv.csv"]
[2025-01-24T23:23:30.625+0000] {subprocess.py:99} INFO - Output:
[2025-01-24T23:23:30.632+0000] {subprocess.py:110} INFO - Command exited with return code 0
[2025-01-24T23:23:30.644+0000] {taskinstance.py:340} INFO - ::group::Post task execution logs
[2025-01-24T23:23:30.644+0000] {taskinstance.py:352} INFO - Marking task as SUCCESS. dag_id=ETL_toll_data, task_id=extract_data_from_tsv, run_id=manual__2025-01-24T23:23:25.465768+00:00, execution_date=20250124T232325, start_date=20250124T232330, end_date=20250124T232330
[2025-01-24T23:23:30.647+0000] {logging_mixin.py:190} INFO - Task instance in success state
[2025-01-24T23:23:30.647+0000] {logging_mixin.py:190} INFO -  Previous state of the Task instance: running
[2025-01-24T23:23:30.647+0000] {logging_mixin.py:190} INFO - Dag name:ETL_toll_data queued_at:2025-01-24 23:23:25.500523+00:00
[2025-01-24T23:23:30.647+0000] {logging_mixin.py:190} INFO - Task hostname:c12e720e2d7d operator:BashOperator
[2025-01-24T23:23:30.671+0000] {local_task_job_runner.py:266} INFO - Task exited with return code 0
[2025-01-24T23:23:30.683+0000] {taskinstance.py:3895} INFO - 1 downstream tasks scheduled from follow-on schedule check
[2025-01-24T23:23:30.684+0000] {local_task_job_runner.py:245} INFO - ::endgroup::
