[2025-01-24T22:46:16.524+0000] {local_task_job_runner.py:123} INFO - ::group::Pre task execution logs
[2025-01-24T22:46:16.538+0000] {taskinstance.py:2613} INFO - Dependencies all met for dep_context=non-requeueable deps ti=<TaskInstance: ETL_toll_data.extract_data_from_csv manual__2025-01-24T22:41:12.562646+00:00 [queued]>
[2025-01-24T22:46:16.546+0000] {taskinstance.py:2613} INFO - Dependencies all met for dep_context=requeueable deps ti=<TaskInstance: ETL_toll_data.extract_data_from_csv manual__2025-01-24T22:41:12.562646+00:00 [queued]>
[2025-01-24T22:46:16.547+0000] {taskinstance.py:2866} INFO - Starting attempt 2 of 2
[2025-01-24T22:46:16.561+0000] {taskinstance.py:2889} INFO - Executing <Task(BashOperator): extract_data_from_csv> on 2025-01-24 22:41:12.562646+00:00
[2025-01-24T22:46:16.570+0000] {warnings.py:112} WARNING - /home/***/.local/lib/python3.12/site-packages/***/task/task_runner/standard_task_runner.py:70: DeprecationWarning: This process (pid=149) is multi-threaded, use of fork() may lead to deadlocks in the child.
  pid = os.fork()

[2025-01-24T22:46:16.571+0000] {standard_task_runner.py:72} INFO - Started process 151 to run task
[2025-01-24T22:46:16.572+0000] {standard_task_runner.py:104} INFO - Running: ['***', 'tasks', 'run', 'ETL_toll_data', 'extract_data_from_csv', 'manual__2025-01-24T22:41:12.562646+00:00', '--job-id', '36', '--raw', '--subdir', 'DAGS_FOLDER/finalassignment/ETL_dag.py', '--cfg-path', '/tmp/tmp2kcbk_od']
[2025-01-24T22:46:16.573+0000] {standard_task_runner.py:105} INFO - Job 36: Subtask extract_data_from_csv
[2025-01-24T22:46:16.628+0000] {task_command.py:467} INFO - Running <TaskInstance: ETL_toll_data.extract_data_from_csv manual__2025-01-24T22:41:12.562646+00:00 [running]> on host 78a7aada4430
[2025-01-24T22:46:16.721+0000] {taskinstance.py:3132} INFO - Exporting env vars: AIRFLOW_CTX_DAG_OWNER='***' AIRFLOW_CTX_DAG_ID='ETL_toll_data' AIRFLOW_CTX_TASK_ID='extract_data_from_csv' AIRFLOW_CTX_EXECUTION_DATE='2025-01-24T22:41:12.562646+00:00' AIRFLOW_CTX_TRY_NUMBER='2' AIRFLOW_CTX_DAG_RUN_ID='manual__2025-01-24T22:41:12.562646+00:00'
[2025-01-24T22:46:16.722+0000] {logging_mixin.py:190} INFO - Task instance is in running state
[2025-01-24T22:46:16.723+0000] {logging_mixin.py:190} INFO -  Previous state of the Task instance: queued
[2025-01-24T22:46:16.723+0000] {logging_mixin.py:190} INFO - Current task name:extract_data_from_csv state:running start_date:2025-01-24 22:46:16.538710+00:00
[2025-01-24T22:46:16.724+0000] {logging_mixin.py:190} INFO - Dag name:ETL_toll_data and current dag run status:running
[2025-01-24T22:46:16.724+0000] {taskinstance.py:731} INFO - ::endgroup::
[2025-01-24T22:46:16.725+0000] {subprocess.py:78} INFO - Tmp dir root location: /tmp
[2025-01-24T22:46:16.727+0000] {subprocess.py:88} INFO - Running command: ['/usr/bin/bash', '-c', "cut -d ',' -f 1,2,3,4 /Users/akshatsharma/Desktop/DeskTop/IBM-Airflow-Dag/dags/finalassignment/tolldata/vehicle-data.csv > /Users/akshatsharma/Desktop/DeskTop/IBM-Airflow-Dag/dags/finalassignment/tolldata/vehicle-data-extracted.csv || { echo 'Command failed'; exit 1; }"]
[2025-01-24T22:46:16.739+0000] {subprocess.py:99} INFO - Output:
[2025-01-24T22:46:16.746+0000] {subprocess.py:106} INFO - /usr/bin/bash: line 1: /Users/akshatsharma/Desktop/DeskTop/IBM-Airflow-Dag/dags/finalassignment/tolldata/vehicle-data-extracted.csv: No such file or directory
[2025-01-24T22:46:16.746+0000] {subprocess.py:106} INFO - Command failed
[2025-01-24T22:46:16.747+0000] {subprocess.py:110} INFO - Command exited with return code 1
[2025-01-24T22:46:16.758+0000] {taskinstance.py:3311} ERROR - Task failed with exception
Traceback (most recent call last):
  File "/home/airflow/.local/lib/python3.12/site-packages/airflow/models/taskinstance.py", line 767, in _execute_task
    result = _execute_callable(context=context, **execute_callable_kwargs)
             ^^^^^^^^^^^^^^^^^^^^^^^^^^^^^^^^^^^^^^^^^^^^^^^^^^^^^^^^^^^^^
  File "/home/airflow/.local/lib/python3.12/site-packages/airflow/models/taskinstance.py", line 733, in _execute_callable
    return ExecutionCallableRunner(
           ^^^^^^^^^^^^^^^^^^^^^^^^
  File "/home/airflow/.local/lib/python3.12/site-packages/airflow/utils/operator_helpers.py", line 252, in run
    return self.func(*args, **kwargs)
           ^^^^^^^^^^^^^^^^^^^^^^^^^^
  File "/home/airflow/.local/lib/python3.12/site-packages/airflow/models/baseoperator.py", line 422, in wrapper
    return func(self, *args, **kwargs)
           ^^^^^^^^^^^^^^^^^^^^^^^^^^^
  File "/home/airflow/.local/lib/python3.12/site-packages/airflow/operators/bash.py", line 276, in execute
    raise AirflowException(
airflow.exceptions.AirflowException: Bash command failed. The command returned a non-zero exit code 1.
[2025-01-24T22:46:16.763+0000] {logging_mixin.py:190} INFO - Task instance in failure state
[2025-01-24T22:46:16.763+0000] {logging_mixin.py:190} INFO - Task start:2025-01-24 22:46:16.538710+00:00 end:2025-01-24 22:46:16.763065+00:00 duration:0.224355
[2025-01-24T22:46:16.764+0000] {logging_mixin.py:190} INFO - Task:<Task(BashOperator): extract_data_from_csv> dag:<DAG: ETL_toll_data> dagrun:<DagRun ETL_toll_data @ 2025-01-24 22:41:12.562646+00:00: manual__2025-01-24T22:41:12.562646+00:00, state:running, queued_at: 2025-01-24 22:41:12.571106+00:00. externally triggered: True>
[2025-01-24T22:46:16.764+0000] {logging_mixin.py:190} INFO - Failure caused by Bash command failed. The command returned a non-zero exit code 1.
[2025-01-24T22:46:16.765+0000] {taskinstance.py:1225} INFO - Marking task as FAILED. dag_id=ETL_toll_data, task_id=extract_data_from_csv, run_id=manual__2025-01-24T22:41:12.562646+00:00, execution_date=20250124T224112, start_date=20250124T224616, end_date=20250124T224616
[2025-01-24T22:46:16.777+0000] {taskinstance.py:340} INFO - ::group::Post task execution logs
[2025-01-24T22:46:16.779+0000] {standard_task_runner.py:124} ERROR - Failed to execute job 36 for task extract_data_from_csv (Bash command failed. The command returned a non-zero exit code 1.; 151)
Traceback (most recent call last):
  File "/home/airflow/.local/lib/python3.12/site-packages/airflow/task/task_runner/standard_task_runner.py", line 117, in _start_by_fork
    ret = args.func(args, dag=self.dag)
          ^^^^^^^^^^^^^^^^^^^^^^^^^^^^^
  File "/home/airflow/.local/lib/python3.12/site-packages/airflow/cli/cli_config.py", line 49, in command
    return func(*args, **kwargs)
           ^^^^^^^^^^^^^^^^^^^^^
  File "/home/airflow/.local/lib/python3.12/site-packages/airflow/utils/cli.py", line 116, in wrapper
    return f(*args, **kwargs)
           ^^^^^^^^^^^^^^^^^^
  File "/home/airflow/.local/lib/python3.12/site-packages/airflow/cli/commands/task_command.py", line 483, in task_run
    task_return_code = _run_task_by_selected_method(args, _dag, ti)
                       ^^^^^^^^^^^^^^^^^^^^^^^^^^^^^^^^^^^^^^^^^^^^
  File "/home/airflow/.local/lib/python3.12/site-packages/airflow/cli/commands/task_command.py", line 256, in _run_task_by_selected_method
    return _run_raw_task(args, ti)
           ^^^^^^^^^^^^^^^^^^^^^^^
  File "/home/airflow/.local/lib/python3.12/site-packages/airflow/cli/commands/task_command.py", line 341, in _run_raw_task
    return ti._run_raw_task(
           ^^^^^^^^^^^^^^^^^
  File "/home/airflow/.local/lib/python3.12/site-packages/airflow/utils/session.py", line 97, in wrapper
    return func(*args, session=session, **kwargs)
           ^^^^^^^^^^^^^^^^^^^^^^^^^^^^^^^^^^^^^^
  File "/home/airflow/.local/lib/python3.12/site-packages/airflow/models/taskinstance.py", line 3005, in _run_raw_task
    return _run_raw_task(
           ^^^^^^^^^^^^^^
  File "/home/airflow/.local/lib/python3.12/site-packages/airflow/models/taskinstance.py", line 273, in _run_raw_task
    TaskInstance._execute_task_with_callbacks(
  File "/home/airflow/.local/lib/python3.12/site-packages/airflow/models/taskinstance.py", line 3159, in _execute_task_with_callbacks
    result = self._execute_task(context, task_orig)
             ^^^^^^^^^^^^^^^^^^^^^^^^^^^^^^^^^^^^^^
  File "/home/airflow/.local/lib/python3.12/site-packages/airflow/models/taskinstance.py", line 3183, in _execute_task
    return _execute_task(self, context, task_orig)
           ^^^^^^^^^^^^^^^^^^^^^^^^^^^^^^^^^^^^^^^
  File "/home/airflow/.local/lib/python3.12/site-packages/airflow/models/taskinstance.py", line 767, in _execute_task
    result = _execute_callable(context=context, **execute_callable_kwargs)
             ^^^^^^^^^^^^^^^^^^^^^^^^^^^^^^^^^^^^^^^^^^^^^^^^^^^^^^^^^^^^^
  File "/home/airflow/.local/lib/python3.12/site-packages/airflow/models/taskinstance.py", line 733, in _execute_callable
    return ExecutionCallableRunner(
           ^^^^^^^^^^^^^^^^^^^^^^^^
  File "/home/airflow/.local/lib/python3.12/site-packages/airflow/utils/operator_helpers.py", line 252, in run
    return self.func(*args, **kwargs)
           ^^^^^^^^^^^^^^^^^^^^^^^^^^
  File "/home/airflow/.local/lib/python3.12/site-packages/airflow/models/baseoperator.py", line 422, in wrapper
    return func(self, *args, **kwargs)
           ^^^^^^^^^^^^^^^^^^^^^^^^^^^
  File "/home/airflow/.local/lib/python3.12/site-packages/airflow/operators/bash.py", line 276, in execute
    raise AirflowException(
airflow.exceptions.AirflowException: Bash command failed. The command returned a non-zero exit code 1.
[2025-01-24T22:46:16.797+0000] {local_task_job_runner.py:266} INFO - Task exited with return code 1
[2025-01-24T22:46:16.824+0000] {taskinstance.py:3895} INFO - 0 downstream tasks scheduled from follow-on schedule check
[2025-01-24T22:46:16.827+0000] {local_task_job_runner.py:245} INFO - ::endgroup::
